\standalonepreambles
\subpreamble{00_Title_Page/00000_FRR_Title_Page.tex}
\usepackage {00_Preamble/frr_preamble}\usepackage {tikz}
\endsubpreamble
\subpreamble{02_Introduction/02000_Introduction.tex}
\usepackage {00_Preamble/frr_preamble}\usepackage {titlesec} \usepackage {hyperref}\usepackage {float}\usepackage {graphics}\usepackage {placeins}\usepackage {adjustbox}\usepackage [table,xcdraw]{xcolor}
\endsubpreamble
\subpreamble{02_Introduction/02001_Competition_Purpose.tex}
\usepackage {00_Preamble/frr_preamble}\usepackage {titlesec}\usepackage {hyperref}\usepackage {float}\usepackage {graphics}\usepackage {placeins}\usepackage {adjustbox}
\endsubpreamble
\subpreamble{02_Introduction/02002_Problem_Statement.tex}
\usepackage {00_Preamble/frr_preamble}\usepackage {titlesec}\usepackage {hyperref}\usepackage {float}\usepackage {graphics}\usepackage {placeins}\usepackage {adjustbox}
\endsubpreamble
\subpreamble{02_Introduction/02003_Systems_Engineering_Purpose.tex}
\usepackage {00_Preamble/frr_preamble}\usepackage {titlesec}\usepackage {hyperref}\usepackage {float}\usepackage {graphics}\usepackage {placeins}\usepackage {adjustbox}
\endsubpreamble
\subpreamble{03_Systems_Engineering/03000_Systems_Engineering.tex}
\usepackage {00_Preamble/frr_preamble}\usepackage {titlesec} \usepackage {hyperref}\usepackage {float}\usepackage {graphics}\usepackage {placeins}\usepackage {adjustbox}\usepackage [table,xcdraw]{xcolor}
\endsubpreamble
\subpreamble{03_Systems_Engineering/03001_Concept_Development.tex}
\usepackage {00_Preamble/frr_preamble}\usepackage {titlesec}\usepackage {hyperref}\usepackage {float}\usepackage {graphics}\usepackage {placeins}\usepackage {adjustbox}
\endsubpreamble
\subpreamble{06_Safety/06000_Safety.tex}
\usepackage {00_Preamble/frr_preamble}\usepackage {graphicx}\usepackage [table,xcdraw]{xcolor}\usepackage [normalem]{ulem}\usepackage {longtable}\usepackage {hyperref}\usepackage {float}\usepackage {graphics}\usepackage {adjustbox}\usepackage {placeins}
\endsubpreamble
\subpreamble{06_Safety/06100_Personnel.tex}
\usepackage {00_Preamble/frr_preamble}\usepackage {graphicx}\usepackage [table,xcdraw]{xcolor}\usepackage [normalem]{ulem}\usepackage {longtable}\usepackage {hyperref}\usepackage {float}\usepackage {graphics}\usepackage {adjustbox}\usepackage {placeins}
\endsubpreamble
\subpreamble{06_Safety/06200_Propulsion.tex}
\usepackage {00_Preamble/frr_preamble}\usepackage {graphicx}\usepackage [table,xcdraw]{xcolor}\usepackage [normalem]{ulem}\usepackage {longtable}\usepackage {hyperref}\usepackage {float}\usepackage {graphics}\usepackage {adjustbox}\usepackage {placeins}
\endsubpreamble
\subpreamble{07_Launch_Procedures/07000_Launch_Procedures.tex}
\usepackage {00_Preamble/frr_preamble}\usepackage {graphicx}\usepackage [table,xcdraw]{xcolor}\usepackage [normalem]{ulem}\usepackage {longtable}\usepackage {hyperref}\usepackage {float}\usepackage {graphics}\usepackage {adjustbox}\usepackage {placeins}
\endsubpreamble
\subpreamble{07_Launch_Procedures/07001_General_Setup.tex}
\usepackage {00_Preamble/frr_preamble}\usepackage {graphicx}\usepackage [table,xcdraw]{xcolor}\usepackage [normalem]{ulem}\usepackage {longtable}\usepackage {hyperref}\usepackage {float}\usepackage {graphics}\usepackage {adjustbox}\usepackage {placeins}
\endsubpreamble
\subpreamble{07_Launch_Procedures/07014_Pack_List.tex}
\usepackage {00_Preamble/frr_preamble}\usepackage {graphicx}\usepackage [table,xcdraw]{xcolor}\usepackage [normalem]{ulem}\usepackage {longtable}\usepackage {hyperref}\usepackage {float}\usepackage {graphics}\usepackage {adjustbox}\usepackage {placeins}
\endsubpreamble
\endstandalonepreambles
